2026-05-22 14:33:59 - INFO - logger - Старт генерации файлов продаж.
2026-05-22 14:33:59 - INFO - logger - Генерация файла для магазина 1, кассы 1
2026-05-22 14:33:59 - INFO - logger - Файл создан: 1_1.csv, строк: 162
2026-05-22 14:33:59 - INFO - logger - Генерация файла для магазина 1, кассы 2
2026-05-22 14:33:59 - INFO - logger - Файл создан: 1_2.csv, строк: 88
2026-05-22 14:33:59 - INFO - logger - Генерация файла для магазина 1, кассы 3
2026-05-22 14:33:59 - INFO - logger - Файл создан: 1_3.csv, строк: 143
2026-05-22 14:33:59 - INFO - logger - Генерация файла для магазина 2, кассы 1
2026-05-22 14:33:59 - INFO - logger - Файл создан: 2_1.csv, строк: 95
2026-05-22 14:33:59 - INFO - logger - Генерация файла для магазина 2, кассы 2
2026-05-22 14:33:59 - INFO - logger - Файл создан: 2_2.csv, строк: 170
2026-05-22 14:33:59 - INFO - logger - Генерация файла для магазина 2, кассы 3
2026-05-22 14:33:59 - INFO - logger - Файл создан: 2_3.csv, строк: 158
2026-05-22 14:33:59 - INFO - logger - Генерация файла для магазина 3, кассы 1
2026-05-22 14:33:59 - INFO - logger - Файл создан: 3_1.csv, строк: 136
2026-05-22 14:33:59 - INFO - logger - Генерация файла для магазина 3, кассы 2
2026-05-22 14:33:59 - INFO - logger - Файл создан: 3_2.csv, строк: 99
2026-05-22 14:33:59 - INFO - logger - Генерация файла для магазина 3, кассы 3
2026-05-22 14:33:59 - INFO - logger - Файл создан: 3_3.csv, строк: 181
2026-05-22 14:33:59 - INFO - logger - Генерация файла для магазина 4, кассы 1
2026-05-22 14:33:59 - INFO - logger - Файл создан: 4_1.csv, строк: 96
2026-05-22 14:33:59 - INFO - logger - Генерация файла для магазина 4, кассы 2
2026-05-22 14:33:59 - INFO - logger - Файл создан: 4_2.csv, строк: 93
2026-05-22 14:33:59 - INFO - logger - Генерация файла для магазина 4, кассы 3
2026-05-22 14:33:59 - INFO - logger - Файл создан: 4_3.csv, строк: 83
2026-05-22 14:33:59 - INFO - logger - Генерация файла для магазина 5, кассы 1
2026-05-22 14:33:59 - INFO - logger - Файл создан: 5_1.csv, строк: 199
2026-05-22 14:33:59 - INFO - logger - Генерация файла для магазина 5, кассы 2
2026-05-22 14:33:59 - INFO - logger - Файл создан: 5_2.csv, строк: 215
2026-05-22 14:33:59 - INFO - logger - Генерация файла для магазина 5, кассы 3
2026-05-22 14:33:59 - INFO - logger - Файл создан: 5_3.csv, строк: 204
2026-05-22 14:33:59 - INFO - logger - Генерация файлов завершена
2026-05-22 14:34:40 - INFO - logger - Старт загрузки файлов в БД
2026-05-22 14:34:40 - INFO - root - Успешно обработано записей: 162
2026-05-22 14:34:40 - INFO - logger - Файл 1_1.csv обработан. Строк: 162
2026-05-22 14:34:40 - INFO - root - Успешно обработано записей: 88
2026-05-22 14:34:40 - INFO - logger - Файл 1_2.csv обработан. Строк: 88
2026-05-22 14:34:40 - INFO - root - Успешно обработано записей: 143
2026-05-22 14:34:40 - INFO - logger - Файл 1_3.csv обработан. Строк: 143
2026-05-22 14:34:40 - INFO - root - Успешно обработано записей: 95
2026-05-22 14:34:40 - INFO - logger - Файл 2_1.csv обработан. Строк: 95
2026-05-22 14:34:40 - INFO - root - Успешно обработано записей: 170
2026-05-22 14:34:40 - INFO - logger - Файл 2_2.csv обработан. Строк: 170
2026-05-22 14:34:40 - INFO - root - Успешно обработано записей: 158
2026-05-22 14:34:40 - INFO - logger - Файл 2_3.csv обработан. Строк: 158
2026-05-22 14:34:40 - INFO - root - Успешно обработано записей: 136
2026-05-22 14:34:40 - INFO - logger - Файл 3_1.csv обработан. Строк: 136
2026-05-22 14:34:40 - INFO - root - Успешно обработано записей: 99
2026-05-22 14:34:40 - INFO - logger - Файл 3_2.csv обработан. Строк: 99
2026-05-22 14:34:40 - INFO - root - Успешно обработано записей: 181
2026-05-22 14:34:40 - INFO - logger - Файл 3_3.csv обработан. Строк: 181
2026-05-22 14:34:40 - INFO - root - Успешно обработано записей: 96
2026-05-22 14:34:40 - INFO - logger - Файл 4_1.csv обработан. Строк: 96
2026-05-22 14:34:40 - INFO - root - Успешно обработано записей: 93
2026-05-22 14:34:40 - INFO - logger - Файл 4_2.csv обработан. Строк: 93
2026-05-22 14:34:40 - INFO - root - Успешно обработано записей: 83
2026-05-22 14:34:40 - INFO - logger - Файл 4_3.csv обработан. Строк: 83
2026-05-22 14:34:40 - INFO - root - Успешно обработано записей: 199
2026-05-22 14:34:40 - INFO - logger - Файл 5_1.csv обработан. Строк: 199
2026-05-22 14:34:40 - INFO - root - Успешно обработано записей: 215
2026-05-22 14:34:40 - INFO - logger - Файл 5_2.csv обработан. Строк: 215
2026-05-22 14:34:41 - INFO - root - Успешно обработано записей: 204
2026-05-22 14:34:41 - INFO - logger - Файл 5_3.csv обработан. Строк: 204
2026-05-22 14:34:41 - INFO - logger - Файл пропущен, так как не соответствует шаблону: readme.txt
2026-05-22 14:34:41 - INFO - logger - Загрузка файлов завершена
2026-05-22 16:19:41 - INFO - logger - Старт загрузки файлов в БД
2026-05-22 16:19:41 - INFO - root - Успешно обработано записей: 162
2026-05-22 16:19:41 - INFO - logger - Файл 1_1.csv обработан. Строк: 162
2026-05-22 16:19:41 - INFO - root - Успешно обработано записей: 88
2026-05-22 16:19:41 - INFO - logger - Файл 1_2.csv обработан. Строк: 88
2026-05-22 16:19:41 - INFO - root - Успешно обработано записей: 143
2026-05-22 16:19:41 - INFO - logger - Файл 1_3.csv обработан. Строк: 143
2026-05-22 16:19:41 - INFO - root - Успешно обработано записей: 95
2026-05-22 16:19:41 - INFO - logger - Файл 2_1.csv обработан. Строк: 95
2026-05-22 16:19:41 - INFO - root - Успешно обработано записей: 170
2026-05-22 16:19:41 - INFO - logger - Файл 2_2.csv обработан. Строк: 170
2026-05-22 16:19:41 - INFO - root - Успешно обработано записей: 158
2026-05-22 16:19:41 - INFO - logger - Файл 2_3.csv обработан. Строк: 158
2026-05-22 16:19:41 - INFO - root - Успешно обработано записей: 136
2026-05-22 16:19:41 - INFO - logger - Файл 3_1.csv обработан. Строк: 136
2026-05-22 16:19:41 - INFO - root - Успешно обработано записей: 99
2026-05-22 16:19:41 - INFO - logger - Файл 3_2.csv обработан. Строк: 99
2026-05-22 16:19:41 - INFO - root - Успешно обработано записей: 181
2026-05-22 16:19:41 - INFO - logger - Файл 3_3.csv обработан. Строк: 181
2026-05-22 16:19:41 - INFO - root - Успешно обработано записей: 96
2026-05-22 16:19:41 - INFO - logger - Файл 4_1.csv обработан. Строк: 96
2026-05-22 16:19:41 - INFO - root - Успешно обработано записей: 93
2026-05-22 16:19:41 - INFO - logger - Файл 4_2.csv обработан. Строк: 93
2026-05-22 16:19:41 - INFO - root - Успешно обработано записей: 83
2026-05-22 16:19:41 - INFO - logger - Файл 4_3.csv обработан. Строк: 83
2026-05-22 16:19:41 - INFO - root - Успешно обработано записей: 199
2026-05-22 16:19:41 - INFO - logger - Файл 5_1.csv обработан. Строк: 199
2026-05-22 16:19:41 - INFO - root - Успешно обработано записей: 215
2026-05-22 16:19:41 - INFO - logger - Файл 5_2.csv обработан. Строк: 215
2026-05-22 16:19:41 - INFO - root - Успешно обработано записей: 204
2026-05-22 16:19:41 - INFO - logger - Файл 5_3.csv обработан. Строк: 204
2026-05-22 16:19:41 - INFO - logger - Файл пропущен, так как не соответствует шаблону: readme.txt
2026-05-22 16:19:41 - INFO - logger - Загрузка файлов завершена
